Del 26/07/2011 al 29/07/2011 1          Reservaciones canceladas
Del 29/07/2011 al 31/07/2011 0          Reservaciones canceladas
Del 08/07/2011 al 15/08/2011 12         Reservaciones efectivas
Del 08/07/2011 al 12/07/2011 4          Reservaciones efectivas
Del 08/07/2011 al 15/08/2011 7          Adultos atendidos
                             3          Ninios atendidos
Del 08/07/2011 al 12/07/2011 2          Adultos atendidos
                             0          Ninios atendidos
Del 08/07/2011 al 15/08/2011 100.00     Ingresos por camas adicionales
Del 08/07/2011 al 12/07/2011 0.00       Ingresos por camas adicionales
Del 08/07/2011 al 15/08/2011 1          Transferencias totales
Del 08/07/2011 al 12/07/2011 0          Transferencias totales
Del 08/07/2011 al 15/08/2011 50.00      Ingresos por uso de caja fuerte
Del 08/07/2011 al 12/07/2011 0.00       Ingresos por uso de caja fuerte
Al  01/08/2011               1          Habitaciones ocupadas
Al  01/08/2011               5          Habitaciones libres
Del 08/07/2011 al 15/08/2011 1          Piso con mayor uso
Del 26/07/2011 al 15/08/2011 2          Piso con mayor uso
Del 09/07/2011 al 16/07/2011            % de ocupacion diaria
                             0.00       Dia 1
                             0.00       Dia 2
                             0.17       Dia 3
                             0.33       Dia 4
                             0.33       Dia 5
                             0.33       Dia 6
                             0.33       Dia 7
                             0.33       Dia 8
Del 09/07/2011 al 16/07/2011 0.23       Promedio de % de ocupacion diaria
